<?xml version="1.0" encoding="UTF-8"?>
<testsuite name="ClickApplication.ClickApplicationTest" tests="2" skipped="0" failures="0" errors="0" timestamp="2021-03-22T12:53:08" hostname="DESKTOP-9FJ5RB9" time="2.107">
  <properties/>
  <testcase name="should_click_on_button" classname="ClickApplication.ClickApplicationTest" time="1.833"/>
  <testcase name="should_contain_button" classname="ClickApplication.ClickApplicationTest" time="0.274"/>
  <system-out><![CDATA[]]></system-out>
  <system-err><![CDATA[]]></system-err>
</testsuite>
